     1                                  section .data
     2 00000000 00000000                ident_x dd 00000000000000000000000000000000b
     3                                  
     4                                  section .bss
     5                                  
     6                                  section .code
     7 00000000 C745FC05000000          mov dword [ebp-4], 00000000000000000000000000000101b
     8 00000007 89EC                    mov esp,ebp
     9 00000009 5D                      pop ebp
    10 0000000A C3                      ret
    11                                  global _start
    12                                  _start:
    13                                    call ident_main
    13          ******************       error: symbol `ident_main' undefined
    14 0000000B E805000000                call exit
    15                                  
    16                                  exit:
    16          ******************       error: label `exit' changed during code generation [-w+error=label-redef-late]
    17 00000010 B801000000                mov eax, 1
    18 00000015 BB00000000                mov ebx, 0
    19 0000001A CD80                      int 80h
    20                                  
