     1                                  
     2                                  section .data
     3                                  section .text
     4                                  
     5                                  global ident_putchar
     6                                  global ident_getchar
     7                                  global ident_exit
     8                                  
     9                                  ; exits
    10                                  ident_exit:
    11 00000000 BB00000000                mov ebx, 0
    12 00000005 B801000000                mov eax, 1
    13 0000000A CD80                      int 0x80
    14 0000000C C3                        ret
    15                                  
    16                                  ; prints a char to stdout
    17                                  ident_putchar:
    18 0000000D BA01000000                mov edx, 1 ; len 1
    19 00000012 8D4C2404                  lea ecx, [esp+4] ; passed on stack, above eip (no ebp pushed, no stack frame)
    20 00000016 BB01000000                mov ebx, 1 ; stdout
    21 0000001B B804000000                mov eax, 4 ; write syscall
    22 00000020 CD80                      int 0x80
    23                                  
    24 00000022 C3                        ret ; bye
    25                                    
    26                                  
    27                                  ; reads a char from stdin
    28                                  ident_getchar:
    29 00000023 BA01000000                mov edx, 1 ; len 1
    30 00000028 8D4C24FF                  lea ecx, [esp-1] ; push onto stack
    31 0000002C BB00000000                mov ebx, 0 ; stdin
    32 00000031 B803000000                mov eax, 3 ; read syscall
    33 00000036 CD80                      int 0x80
    34                                  
    35 00000038 31C0                      xor eax, eax ; zero eax
    36 0000003A 8A4424FF                  mov al, byte [esp-1] ; put into eax
    37                                  
    38 0000003E C3                        ret ; bye
